<?xml version="1.0" encoding="UTF-8"?>
<!-- Generated by org.testng.reporters.JUnitXMLReporter -->
<testsuite hostname="LAPTOP-EDK47936" ignored="0" name="Test" tests="6" failures="0" timestamp="2019-03-26T01:12:39 IST" time="0.047" errors="0">
  <testcase name="PostJira" time="0.016" classname="qaclickacademy.RestApiTest"/>
  <testcase name="Twitter" time="0.0" classname="qaclickacademy.RestApiTest"/>
  <testcase name="BrowserAutomation" time="0.0" classname="qaclickacademy.SeleniumTest"/>
  <testcase name="elementui" time="0.0" classname="qaclickacademy.SeleniumTest"/>
  <testcase name="IOSApps" time="0.0" classname="qaclickacademy.AppiumTest"/>
  <testcase name="Nativeappandroid" time="0.0" classname="qaclickacademy.AppiumTest"/>
</testsuite> <!-- Test -->
