<?xml version="1.0" encoding="UTF-8"?>
<testng-results skipped="0" failed="0" ignored="0" total="6" passed="6">
  <reporter-output>
  </reporter-output>
  <suite name="Suite" duration-ms="47" started-at="2019-03-26T01:12:39 IST" finished-at="2019-03-26T01:12:39 IST">
    <groups>
    </groups>
    <test name="Test" duration-ms="47" started-at="2019-03-26T01:12:39 IST" finished-at="2019-03-26T01:12:39 IST">
      <class name="qaclickacademy.AppiumTest">
        <test-method status="PASS" signature="IOSApps()[pri:0, instance:qaclickacademy.AppiumTest@548e7350]" name="IOSApps" duration-ms="0" started-at="2019-03-26T01:12:39 IST" finished-at="2019-03-26T01:12:39 IST">
          <reporter-output>
          </reporter-output>
        </test-method> <!-- IOSApps -->
        <test-method status="PASS" signature="Nativeappandroid()[pri:0, instance:qaclickacademy.AppiumTest@548e7350]" name="Nativeappandroid" duration-ms="0" started-at="2019-03-26T01:12:39 IST" finished-at="2019-03-26T01:12:39 IST">
          <reporter-output>
          </reporter-output>
        </test-method> <!-- Nativeappandroid -->
      </class> <!-- qaclickacademy.AppiumTest -->
      <class name="qaclickacademy.RestApiTest">
        <test-method status="PASS" signature="PostJira()[pri:0, instance:qaclickacademy.RestApiTest@53b32d7]" name="PostJira" duration-ms="16" started-at="2019-03-26T01:12:39 IST" finished-at="2019-03-26T01:12:39 IST">
          <reporter-output>
          </reporter-output>
        </test-method> <!-- PostJira -->
        <test-method status="PASS" signature="Twitter()[pri:0, instance:qaclickacademy.RestApiTest@53b32d7]" name="Twitter" duration-ms="0" started-at="2019-03-26T01:12:39 IST" finished-at="2019-03-26T01:12:39 IST">
          <reporter-output>
          </reporter-output>
        </test-method> <!-- Twitter -->
      </class> <!-- qaclickacademy.RestApiTest -->
      <class name="qaclickacademy.SeleniumTest">
        <test-method status="PASS" signature="BrowserAutomation()[pri:0, instance:qaclickacademy.SeleniumTest@5442a311]" name="BrowserAutomation" duration-ms="0" started-at="2019-03-26T01:12:39 IST" finished-at="2019-03-26T01:12:39 IST">
          <reporter-output>
          </reporter-output>
        </test-method> <!-- BrowserAutomation -->
        <test-method status="PASS" signature="elementui()[pri:0, instance:qaclickacademy.SeleniumTest@5442a311]" name="elementui" duration-ms="0" started-at="2019-03-26T01:12:39 IST" finished-at="2019-03-26T01:12:39 IST">
          <reporter-output>
          </reporter-output>
        </test-method> <!-- elementui -->
      </class> <!-- qaclickacademy.SeleniumTest -->
    </test> <!-- Test -->
  </suite> <!-- Suite -->
</testng-results>
